<?xml version="1.0" encoding="UTF-8"?>
<testsuite name="com.mdn.expensestracker.ExpensesTrackerApplicationTests" tests="1" skipped="0" failures="0" errors="0" timestamp="2024-04-26T08:50:42" hostname="pop-os" time="0.376">
  <properties/>
  <testcase name="contextLoads()" classname="com.mdn.expensestracker.ExpensesTrackerApplicationTests" time="0.376"/>
  <system-out><![CDATA[15:50:35.989 [Test worker] INFO org.springframework.test.context.support.AnnotationConfigContextLoaderUtils -- Could not detect default configuration classes for test class [com.mdn.expensestracker.ExpensesTrackerApplicationTests]: ExpensesTrackerApplicationTests does not declare any static, non-private, non-final, nested classes annotated with @Configuration.
15:50:36.044 [Test worker] INFO org.springframework.boot.test.context.SpringBootTestContextBootstrapper -- Found @SpringBootConfiguration com.mdn.expensestracker.ExpensesTrackerApplication for test class com.mdn.expensestracker.ExpensesTrackerApplicationTests

  .   ____          _            __ _ _
 /\\ / ___'_ __ _ _(_)_ __  __ _ \ \ \ \
( ( )\___ | '_ | '_| | '_ \/ _` | \ \ \ \
 \\/  ___)| |_)| | | | | || (_| |  ) ) ) )
  '  |____| .__|_| |_|_| |_\__, | / / / /
 =========|_|==============|___/=/_/_/_/
 :: Spring Boot ::                (v3.2.5)

2024-04-26T15:50:36.291+07:00  INFO 51968 --- [expenses-tracker] [    Test worker] c.m.e.ExpensesTrackerApplicationTests    : Starting ExpensesTrackerApplicationTests using Java 19.0.2 with PID 51968 (started by peterdarmawan in /home/peterdarmawan/projects/backends/JavaSpring/expenses-tracker)
2024-04-26T15:50:36.292+07:00  INFO 51968 --- [expenses-tracker] [    Test worker] c.m.e.ExpensesTrackerApplicationTests    : No active profile set, falling back to 1 default profile: "default"
2024-04-26T15:50:36.687+07:00  INFO 51968 --- [expenses-tracker] [    Test worker] .s.d.r.c.RepositoryConfigurationDelegate : Bootstrapping Spring Data JPA repositories in DEFAULT mode.
2024-04-26T15:50:36.724+07:00  INFO 51968 --- [expenses-tracker] [    Test worker] .s.d.r.c.RepositoryConfigurationDelegate : Finished Spring Data repository scanning in 32 ms. Found 1 JPA repository interface.
2024-04-26T15:50:36.976+07:00  INFO 51968 --- [expenses-tracker] [    Test worker] o.hibernate.jpa.internal.util.LogHelper  : HHH000204: Processing PersistenceUnitInfo [name: default]
2024-04-26T15:50:37.002+07:00  INFO 51968 --- [expenses-tracker] [    Test worker] org.hibernate.Version                    : HHH000412: Hibernate ORM core version 6.4.4.Final
2024-04-26T15:50:37.021+07:00  INFO 51968 --- [expenses-tracker] [    Test worker] o.h.c.internal.RegionFactoryInitiator    : HHH000026: Second-level cache disabled
2024-04-26T15:50:37.155+07:00  INFO 51968 --- [expenses-tracker] [    Test worker] o.s.o.j.p.SpringPersistenceUnitInfo      : No LoadTimeWeaver setup: ignoring JPA class transformer
2024-04-26T15:50:37.176+07:00  INFO 51968 --- [expenses-tracker] [    Test worker] com.zaxxer.hikari.HikariDataSource       : HikariPool-1 - Starting...
2024-04-26T15:50:40.767+07:00  INFO 51968 --- [expenses-tracker] [    Test worker] com.zaxxer.hikari.pool.HikariPool        : HikariPool-1 - Added connection org.postgresql.jdbc.PgConnection@2dd3d39d
2024-04-26T15:50:40.769+07:00  INFO 51968 --- [expenses-tracker] [    Test worker] com.zaxxer.hikari.HikariDataSource       : HikariPool-1 - Start completed.
2024-04-26T15:50:41.447+07:00  INFO 51968 --- [expenses-tracker] [    Test worker] o.h.e.t.j.p.i.JtaPlatformInitiator       : HHH000489: No JTA platform available (set 'hibernate.transaction.jta.platform' to enable JTA platform integration)
2024-04-26T15:50:41.709+07:00  INFO 51968 --- [expenses-tracker] [    Test worker] j.LocalContainerEntityManagerFactoryBean : Initialized JPA EntityManagerFactory for persistence unit 'default'
2024-04-26T15:50:41.975+07:00  WARN 51968 --- [expenses-tracker] [    Test worker] JpaBaseConfiguration$JpaWebConfiguration : spring.jpa.open-in-view is enabled by default. Therefore, database queries may be performed during view rendering. Explicitly configure spring.jpa.open-in-view to disable this warning
2024-04-26T15:50:42.287+07:00  INFO 51968 --- [expenses-tracker] [    Test worker] c.m.e.ExpensesTrackerApplicationTests    : Started ExpensesTrackerApplicationTests in 6.151 seconds (process running for 6.768)
]]></system-out>
  <system-err><![CDATA[]]></system-err>
</testsuite>
